2026-06-03 13:24:38 +05:30: [dotenv@17.2.3] injecting env (12) from .env.local -- tip: ⚙️  suppress all logs with { quiet: true }
2026-06-03 13:24:38 +05:30: Database connection successful
2026-06-03 13:24:38 +05:30: 🔍 Checking if AI_Alerts table exists...
2026-06-03 13:24:38 +05:30: ✅ AI_Alerts table already exists
2026-06-03 13:24:38 +05:30: Server running on http://0.0.0.0:5000
2026-06-03 13:51:20 +05:30: [dotenv@17.2.3] injecting env (12) from .env.local -- tip: 🛠️  run anywhere with `dotenvx run -- yourcommand`
2026-06-03 13:51:21 +05:30: Database connection successful
2026-06-03 13:51:21 +05:30: 🔍 Checking if AI_Alerts table exists...
2026-06-03 13:51:21 +05:30: ✅ AI_Alerts table already exists
2026-06-03 13:51:21 +05:30: Server running on http://0.0.0.0:5000
2026-06-03 14:05:26 +05:30: [dotenv@17.2.3] injecting env (12) from .env.local -- tip: ✅ audit secrets and track compliance: https://dotenvx.com/ops
2026-06-03 14:05:26 +05:30: Database connection successful
2026-06-03 14:05:26 +05:30: 🔍 Checking if AI_Alerts table exists...
2026-06-03 14:05:26 +05:30: ✅ AI_Alerts table already exists
2026-06-03 14:05:26 +05:30: Server running on http://0.0.0.0:5000
2026-06-03 16:10:56 +05:30: [dotenv@17.2.3] injecting env (12) from .env.local -- tip: ⚙️  override existing env vars with { override: true }
2026-06-03 16:11:00 +05:30: [dotenv@17.2.3] injecting env (12) from .env.local -- tip: 🔐 prevent building .env in docker: https://dotenvx.com/prebuild
2026-06-03 16:11:05 +05:30: [dotenv@17.2.3] injecting env (12) from .env.local -- tip: 🗂️ backup and recover secrets: https://dotenvx.com/ops
2026-06-03 16:11:09 +05:30: [dotenv@17.2.3] injecting env (12) from .env.local -- tip: ⚙️  write to custom object with { processEnv: myObject }
2026-06-03 16:11:13 +05:30: [dotenv@17.2.3] injecting env (12) from .env.local -- tip: ✅ audit secrets and track compliance: https://dotenvx.com/ops
2026-06-03 16:11:18 +05:30: [dotenv@17.2.3] injecting env (12) from .env.local -- tip: ⚙️  override existing env vars with { override: true }
2026-06-03 16:11:22 +05:30: [dotenv@17.2.3] injecting env (12) from .env.local -- tip: 🔐 prevent committing .env to code: https://dotenvx.com/precommit
2026-06-03 16:11:27 +05:30: [dotenv@17.2.3] injecting env (12) from .env.local -- tip: ⚙️  load multiple .env files with { path: ['.env.local', '.env'] }
2026-06-03 16:11:31 +05:30: [dotenv@17.2.3] injecting env (12) from .env.local -- tip: 🔄 add secrets lifecycle management: https://dotenvx.com/ops
2026-06-03 16:11:36 +05:30: [dotenv@17.2.3] injecting env (12) from .env.local -- tip: ⚙️  specify custom .env file path with { path: '/custom/path/.env' }
2026-06-03 16:28:21 +05:30: [dotenv@17.2.3] injecting env (12) from .env.local -- tip: ⚙️  enable debug logging with { debug: true }
2026-06-03 16:28:25 +05:30: [dotenv@17.2.3] injecting env (12) from .env.local -- tip: 🛠️  run anywhere with `dotenvx run -- yourcommand`
2026-06-03 16:28:30 +05:30: [dotenv@17.2.3] injecting env (12) from .env.local -- tip: 🔑 add access controls to secrets: https://dotenvx.com/ops
2026-06-03 16:28:34 +05:30: [dotenv@17.2.3] injecting env (12) from .env.local -- tip: ⚙️  enable debug logging with { debug: true }
2026-06-03 16:28:39 +05:30: [dotenv@17.2.3] injecting env (12) from .env.local -- tip: ⚙️  specify custom .env file path with { path: '/custom/path/.env' }
2026-06-03 16:28:43 +05:30: [dotenv@17.2.3] injecting env (12) from .env.local -- tip: 🗂️ backup and recover secrets: https://dotenvx.com/ops
2026-06-03 16:28:47 +05:30: [dotenv@17.2.3] injecting env (12) from .env.local -- tip: 👥 sync secrets across teammates & machines: https://dotenvx.com/ops
2026-06-03 16:28:52 +05:30: [dotenv@17.2.3] injecting env (12) from .env.local -- tip: 🛠️  run anywhere with `dotenvx run -- yourcommand`
2026-06-03 16:28:56 +05:30: [dotenv@17.2.3] injecting env (12) from .env.local -- tip: 🔐 encrypt with Dotenvx: https://dotenvx.com
2026-06-03 16:29:01 +05:30: [dotenv@17.2.3] injecting env (12) from .env.local -- tip: 👥 sync secrets across teammates & machines: https://dotenvx.com/ops
2026-06-03 17:34:57 +05:30: [dotenv@17.2.3] injecting env (12) from .env.local -- tip: 🛠️  run anywhere with `dotenvx run -- yourcommand`
2026-06-03 17:35:01 +05:30: [dotenv@17.2.3] injecting env (12) from .env.local -- tip: ⚙️  enable debug logging with { debug: true }
2026-06-03 17:35:06 +05:30: [dotenv@17.2.3] injecting env (12) from .env.local -- tip: 🔑 add access controls to secrets: https://dotenvx.com/ops
2026-06-03 17:35:10 +05:30: [dotenv@17.2.3] injecting env (12) from .env.local -- tip: ⚙️  load multiple .env files with { path: ['.env.local', '.env'] }
2026-06-03 17:35:15 +05:30: [dotenv@17.2.3] injecting env (12) from .env.local -- tip: ⚙️  load multiple .env files with { path: ['.env.local', '.env'] }
2026-06-03 17:35:19 +05:30: [dotenv@17.2.3] injecting env (12) from .env.local -- tip: 📡 add observability to secrets: https://dotenvx.com/ops
2026-06-03 17:35:24 +05:30: [dotenv@17.2.3] injecting env (12) from .env.local -- tip: 🔐 prevent committing .env to code: https://dotenvx.com/precommit
2026-06-03 17:35:28 +05:30: [dotenv@17.2.3] injecting env (12) from .env.local -- tip: ⚙️  specify custom .env file path with { path: '/custom/path/.env' }
2026-06-03 17:35:33 +05:30: [dotenv@17.2.3] injecting env (12) from .env.local -- tip: 🔐 prevent building .env in docker: https://dotenvx.com/prebuild
2026-06-03 17:35:37 +05:30: [dotenv@17.2.3] injecting env (12) from .env.local -- tip: ⚙️  specify custom .env file path with { path: '/custom/path/.env' }
